1970-01-01T00:33:41+00:00	docker.log	{"log":"1:C 03 Nov 2021 20:19:22.382 # oO0OoO0OoO0Oo Redis is starting oO0OoO0OoO0Oo\r\n","stream":"stdout"}
1970-01-01T00:33:41+00:00	docker.log	{"log":"1:C 03 Nov 2021 20:19:22.382 # Redis version=6.2.6, bits=64, commit=00000000, modified=0, pid=1, just started\r\n","stream":"stdout"}
1970-01-01T00:33:41+00:00	docker.log	{"log":"1:C 03 Nov 2021 20:19:22.382 # Warning: no config file specified, using the default config. In order to specify a config file use redis-server /path/to/redis.conf\r\n","stream":"stdout"}
1970-01-01T00:33:41+00:00	docker.log	{"log":"1:M 03 Nov 2021 20:19:22.384 * monotonic clock: POSIX clock_gettime\r\n","stream":"stdout"}
1970-01-01T00:33:41+00:00	docker.log	{"log":"                _._                                                  \r\n","stream":"stdout"}
1970-01-01T00:33:41+00:00	docker.log	{"log":"           _.-``__ ''-._                                             \r\n","stream":"stdout"}
1970-01-01T00:33:41+00:00	docker.log	{"log":"      _.-``    `.  `_.  ''-._           Redis 6.2.6 (00000000/0) 64 bit\r\n","stream":"stdout"}
1970-01-01T00:33:41+00:00	docker.log	{"log":"  .-`` .-```.  ```\\/    _.,_ ''-._                                  \r\n","stream":"stdout"}
1970-01-01T00:33:41+00:00	docker.log	{"log":" (    '      ,       .-`  | `,    )     Running in standalone mode\r\n","stream":"stdout"}
1970-01-01T00:33:41+00:00	docker.log	{"log":" |`-._`-...-` __...-.``-._|'` _.-'|     Port: 6379\r\n","stream":"stdout"}
1970-01-01T00:33:41+00:00	docker.log	{"log":" |    `-._   `._    /     _.-'    |     PID: 1\r\n","stream":"stdout"}
1970-01-01T00:33:41+00:00	docker.log	{"log":"  `-._    `-._  `-./  _.-'    _.-'                                   \r\n","stream":"stdout"}
1970-01-01T00:33:41+00:00	docker.log	{"log":" |`-._`-._    `-.__.-'    _.-'_.-'|                                  \r\n","stream":"stdout"}
1970-01-01T00:33:41+00:00	docker.log	{"log":" |    `-._`-._        _.-'_.-'    |           https://redis.io       \r\n","stream":"stdout"}
1970-01-01T00:33:41+00:00	docker.log	{"log":"  `-._    `-._`-.__.-'_.-'    _.-'                                   \r\n","stream":"stdout"}
1970-01-01T00:33:41+00:00	docker.log	{"log":" |`-._`-._    `-.__.-'    _.-'_.-'|                                  \r\n","stream":"stdout"}
1970-01-01T00:33:41+00:00	docker.log	{"log":" |    `-._`-._        _.-'_.-'    |                                  \r\n","stream":"stdout"}
1970-01-01T00:33:41+00:00	docker.log	{"log":"  `-._    `-._`-.__.-'_.-'    _.-'                                   \r\n","stream":"stdout"}
1970-01-01T00:33:41+00:00	docker.log	{"log":"      `-._    `-.__.-'    _.-'                                       \r\n","stream":"stdout"}
1970-01-01T00:33:41+00:00	docker.log	{"log":"          `-._        _.-'                                           \r\n","stream":"stdout"}
1970-01-01T00:33:41+00:00	docker.log	{"log":"              `-.__.-'                                               \r\n","stream":"stdout"}
1970-01-01T00:33:41+00:00	docker.log	{"log":"\r\n","stream":"stdout"}
1970-01-01T00:33:41+00:00	docker.log	{"log":"1:M 03 Nov 2021 20:19:22.396 # WARNING: The TCP backlog setting of 511 cannot be enforced because /proc/sys/net/core/somaxconn is set to the lower value of 128.\r\n","stream":"stdout"}
1970-01-01T00:33:41+00:00	docker.log	{"log":"1:M 03 Nov 2021 20:19:22.396 # Server initialized\r\n","stream":"stdout"}
1970-01-01T00:33:41+00:00	docker.log	{"log":"1:M 03 Nov 2021 20:19:22.396 # WARNING overcommit_memory is set to 0! Background save may fail under low memory condition. To fix this issue add 'vm.overcommit_memory = 1' to /etc/sysctl.conf and then reboot or run the command 'sysctl vm.overcommit_memory=1' for this to take effect.\r\n","stream":"stdout"}
1970-01-01T00:33:41+00:00	docker.log	{"log":"1:M 03 Nov 2021 20:19:22.422 * Ready to accept connections\r\n","stream":"stdout"}
1970-01-01T00:33:41+00:00	docker.log	{"log":"^C1:signal-handler (1635970850) Received SIGINT scheduling shutdown...\r\n","stream":"stdout"}
1970-01-01T00:33:41+00:00	docker.log	{"log":"1:M 03 Nov 2021 20:20:50.983 # User requested shutdown...\r\n","stream":"stdout"}
1970-01-01T00:33:41+00:00	docker.log	{"log":"1:M 03 Nov 2021 20:20:50.983 * Saving the final RDB snapshot before exiting.\r\n","stream":"stdout"}
1970-01-01T00:33:41+00:00	docker.log	{"log":"1:M 03 Nov 2021 20:20:50.996 * DB saved on disk\r\n","stream":"stdout"}
1970-01-01T00:33:41+00:00	docker.log	{"log":"1:M 03 Nov 2021 20:20:50.997 # Redis is now ready to exit, bye bye...\r\n","stream":"stdout"}
